#! /usr/bin/vvp
:ivl_version "10.3 (stable)";
:ivl_delay_selection "TYPICAL";
:vpi_time_precision + 0;
:vpi_module "system";
:vpi_module "vhdl_sys";
:vpi_module "v2005_math";
:vpi_module "va_math";
S_0x5577ae50fd60 .scope module, "tb" "tb" 2 1;
 .timescale 0 0;
P_0x5577ae4d8930 .param/l "WIDTH" 0 2 2, +C4<00000000000000000000000000000100>;
v0x5577ae526220_0 .var "din", 3 0;
v0x5577ae526310_0 .net "dout", 3 0, L_0x5577ae526c20;  1 drivers
v0x5577ae5263e0_0 .var/i "i", 31 0;
S_0x5577ae50ff30 .scope module, "dut" "g2b_converter" 2 6, 3 1 0, S_0x5577ae50fd60;
 .timescale 0 0;
    .port_info 0 /INPUT 4 "din"
    .port_info 1 /OUTPUT 4 "dout"
P_0x5577ae4d9110 .param/l "WIDTH" 0 3 1, +C4<00000000000000000000000000000100>;
v0x5577ae525ef0_0 .net *"_s16", 0 0, L_0x5577ae526db0;  1 drivers
v0x5577ae525ff0_0 .net "din", 3 0, v0x5577ae526220_0;  1 drivers
v0x5577ae5260d0_0 .net "dout", 3 0, L_0x5577ae526c20;  alias, 1 drivers
L_0x5577ae5264b0 .part v0x5577ae526220_0, 2, 1;
L_0x5577ae5265d0 .part L_0x5577ae526c20, 3, 1;
L_0x5577ae526760 .part v0x5577ae526220_0, 1, 1;
L_0x5577ae526800 .part L_0x5577ae526c20, 2, 1;
L_0x5577ae5269a0 .part v0x5577ae526220_0, 0, 1;
L_0x5577ae526a40 .part L_0x5577ae526c20, 1, 1;
L_0x5577ae526c20 .concat8 [ 1 1 1 1], L_0x5577ae526bb0, L_0x5577ae4d95c0, L_0x5577ae510160, L_0x5577ae526db0;
L_0x5577ae526db0 .part v0x5577ae526220_0, 3, 1;
S_0x5577ae4d91b0 .scope generate, "genblk1[0]" "genblk1[0]" 3 8, 3 8 0, S_0x5577ae50ff30;
 .timescale 0 0;
P_0x5577ae4d9380 .param/l "i" 0 3 8, +C4<00>;
L_0x5577ae526bb0 .functor XOR 1, L_0x5577ae5269a0, L_0x5577ae526a40, C4<0>, C4<0>;
v0x5577ae4ebee0_0 .net *"_s0", 0 0, L_0x5577ae5269a0;  1 drivers
v0x5577ae4ecd70_0 .net *"_s1", 0 0, L_0x5577ae526a40;  1 drivers
v0x5577ae4edba0_0 .net *"_s2", 0 0, L_0x5577ae526bb0;  1 drivers
S_0x5577ae5253e0 .scope generate, "genblk1[1]" "genblk1[1]" 3 8, 3 8 0, S_0x5577ae50ff30;
 .timescale 0 0;
P_0x5577ae5255f0 .param/l "i" 0 3 8, +C4<01>;
L_0x5577ae4d95c0 .functor XOR 1, L_0x5577ae526760, L_0x5577ae526800, C4<0>, C4<0>;
v0x5577ae5256b0_0 .net *"_s0", 0 0, L_0x5577ae526760;  1 drivers
v0x5577ae525790_0 .net *"_s1", 0 0, L_0x5577ae526800;  1 drivers
v0x5577ae525870_0 .net *"_s2", 0 0, L_0x5577ae4d95c0;  1 drivers
S_0x5577ae525960 .scope generate, "genblk1[2]" "genblk1[2]" 3 8, 3 8 0, S_0x5577ae50ff30;
 .timescale 0 0;
P_0x5577ae525b80 .param/l "i" 0 3 8, +C4<010>;
L_0x5577ae510160 .functor XOR 1, L_0x5577ae5264b0, L_0x5577ae5265d0, C4<0>, C4<0>;
v0x5577ae525c40_0 .net *"_s0", 0 0, L_0x5577ae5264b0;  1 drivers
v0x5577ae525d20_0 .net *"_s1", 0 0, L_0x5577ae5265d0;  1 drivers
v0x5577ae525e00_0 .net *"_s2", 0 0, L_0x5577ae510160;  1 drivers
    .scope S_0x5577ae50fd60;
T_0 ;
    %pushi/vec4 0, 0, 4;
    %store/vec4 v0x5577ae526220_0, 0, 4;
    %pushi/vec4 0, 0, 32;
    %store/vec4 v0x5577ae5263e0_0, 0, 32;
    %end;
    .thread T_0;
    .scope S_0x5577ae50fd60;
T_1 ;
    %vpi_call 2 15 "$monitor", "Gray: %b --> Binary: %b", v0x5577ae526220_0, v0x5577ae526310_0 {0 0 0};
    %pushi/vec4 0, 0, 32;
    %store/vec4 v0x5577ae5263e0_0, 0, 32;
T_1.0 ;
    %load/vec4 v0x5577ae5263e0_0;
    %cmpi/s 5, 0, 32;
    %jmp/0xz T_1.1, 5;
    %vpi_func 2 17 "$urandom" 32 {0 0 0};
    %pad/u 4;
    %store/vec4 v0x5577ae526220_0, 0, 4;
    %delay 1, 0;
    %load/vec4 v0x5577ae5263e0_0;
    %addi 1, 0, 32;
    %store/vec4 v0x5577ae5263e0_0, 0, 32;
    %jmp T_1.0;
T_1.1 ;
    %vpi_call 2 20 "$finish" {0 0 0};
    %end;
    .thread T_1;
# The file index is used to find the file name in the following table.
:file_names 4;
    "N/A";
    "<interactive>";
    "/home/hoangnam/Verilog/Asynchronous-FIFO/g2b_converter/g2b_converter_tb.sv";
    "/home/hoangnam/Verilog/Asynchronous-FIFO/g2b_converter/g2b_converter.v";
